<?xml version="1.0" encoding="UTF-8"?>
<!-- Generated by org.testng.reporters.JUnitReportReporter -->
<testsuite hostname="Aaryan-PC" failures="0" tests="2" name="testlistners.TestClass" time="11.036" errors="0" timestamp="2024-01-02T21:45:39 IST" skipped="0">
  <testcase classname="testlistners.TestClass" name="getUrl" time="6.926"/>
  <testcase classname="testlistners.TestClass" name="getTitle" time="4.110"/>
</testsuite> <!-- testlistners.TestClass -->
