<?xml version="1.0" encoding="UTF-8"?>
<!-- Generated by org.testng.reporters.JUnitReportReporter -->
<testsuite hostname="Aaryan-PC" failures="0" tests="3" name="testngprgms.PriorityTest" time="10.535" errors="0" timestamp="2023-12-23T21:20:23 IST" skipped="0">
  <testcase classname="testngprgms.PriorityTest" name="launchapplication" time="9.255"/>
  <testcase classname="testngprgms.PriorityTest" name="login" time="1.006"/>
  <testcase classname="testngprgms.PriorityTest" name="closebrowser" time="0.274"/>
</testsuite> <!-- testngprgms.PriorityTest -->
