<?xml version="1.0" encoding="UTF-8"?>
<!-- Generated by org.testng.reporters.JUnitReportReporter -->
<testsuite hostname="Aaryan-PC" failures="0" tests="6" name="testngprgms.ParameterTestClass" time="63.302" errors="0" timestamp="2023-12-20T21:32:58 IST" skipped="0">
  <testcase classname="testngprgms.ParameterTestClass" name="login" time="15.496"/>
  <testcase classname="testngprgms.ParameterTestClass" name="login" time="14.021"/>
  <testcase classname="testngprgms.ParameterTestClass" name="browerSetup" time="7.468"/>
  <testcase classname="testngprgms.ParameterTestClass" name="browerSetup" time="6.120"/>
  <testcase classname="testngprgms.ParameterTestClass" name="browerSetup" time="4.764"/>
  <testcase classname="testngprgms.ParameterTestClass" name="login" time="15.433"/>
</testsuite> <!-- testngprgms.ParameterTestClass -->
