<?xml version="1.0" encoding="UTF-8"?>
<!-- Generated by org.testng.reporters.JUnitReportReporter -->
<testsuite hostname="Aaryan-PC" failures="0" tests="6" name="ignoretestclasses.IgnoreTest" time="0.033" errors="0" timestamp="2023-12-23T21:08:13 IST" skipped="0">
  <testcase classname="ignoretestclasses.IgnoreTest" name="test2" time="0.003"/>
  <testcase classname="ignoretestclasses.IgnoreTest" name="test5" time="0.003"/>
  <testcase classname="ignoretestclasses.IgnoreTest" name="test3" time="0.003"/>
  <testcase classname="ignoretestclasses.IgnoreTest" name="test6" time="0.003"/>
  <testcase classname="ignoretestclasses.IgnoreTest" name="test4" time="0.002"/>
  <testcase classname="ignoretestclasses.IgnoreTest" name="test1" time="0.019"/>
</testsuite> <!-- ignoretestclasses.IgnoreTest -->
