<?xml version="1.0" encoding="UTF-8"?>
<!-- Generated by org.testng.reporters.JUnitReportReporter -->
<testsuite hostname="Aaryan-PC" failures="0" tests="1" name="paralleltest.ParallelClass3" time="13.673" errors="0" timestamp="2023-12-26T21:22:33 IST" skipped="0">
  <testcase classname="paralleltest.ParallelClass3" name="login1" time="13.673"/>
</testsuite> <!-- paralleltest.ParallelClass3 -->
