<?xml version="1.0" encoding="UTF-8"?>
<!-- Generated by org.testng.reporters.JUnitReportReporter -->
<testsuite hostname="Aaryan-PC" failures="0" tests="1" name="testngprgms.TestngAnnotations" time="25.431" errors="0" timestamp="2023-12-19T21:06:40 IST" skipped="0">
  <testcase classname="testngprgms.TestngAnnotations" name="test1" time="25.431"/>
</testsuite> <!-- testngprgms.TestngAnnotations -->
