<?xml version="1.0" encoding="UTF-8"?>
<!-- Generated by org.testng.reporters.JUnitReportReporter -->
<testsuite hostname="Aaryan-PC" failures="0" tests="6" name="testngprgms.IgnoreTest" time="0.032" errors="0" timestamp="2023-12-23T20:59:11 IST" skipped="1">
  <testcase classname="testngprgms.IgnoreTest" name="test2" time="0.016"/>
  <testcase classname="testngprgms.IgnoreTest" name="test5" time="0.006"/>
  <testcase classname="testngprgms.IgnoreTest" name="test6" time="0.002"/>
  <testcase classname="testngprgms.IgnoreTest" name="test4" time="0.004"/>
  <testcase classname="testngprgms.IgnoreTest" name="test3" time="0.004"/>
  <testcase classname="testngprgms.IgnoreTest" name="test1">
    <skipped/>
  </testcase> <!-- test1 -->
</testsuite> <!-- testngprgms.IgnoreTest -->
