<?xml version="1.0" encoding="UTF-8"?>
<!-- Generated by org.testng.reporters.JUnitReportReporter -->
<testsuite hostname="Aaryan-PC" failures="0" tests="6" name="ignoretestclasses.IgnoreTest2" time="0.016" errors="0" timestamp="2023-12-23T21:08:13 IST" skipped="0">
  <testcase classname="ignoretestclasses.IgnoreTest2" name="test4" time="0.003"/>
  <testcase classname="ignoretestclasses.IgnoreTest2" name="test3" time="0.003"/>
  <testcase classname="ignoretestclasses.IgnoreTest2" name="test5" time="0.002"/>
  <testcase classname="ignoretestclasses.IgnoreTest2" name="test6" time="0.003"/>
  <testcase classname="ignoretestclasses.IgnoreTest2" name="test2" time="0.002"/>
  <testcase classname="ignoretestclasses.IgnoreTest2" name="test1" time="0.003"/>
</testsuite> <!-- ignoretestclasses.IgnoreTest2 -->
