<?xml version="1.0" encoding="UTF-8"?>
<!-- Generated by org.testng.reporters.JUnitReportReporter -->
<testsuite hostname="Aaryan-PC" failures="0" tests="7" name="retryanalyzers.TestClass3" time="0.021" errors="0" timestamp="2024-01-03T21:26:19 IST" skipped="6">
  <testcase classname="retryanalyzers.TestClass3" name="test1" time="0.006">
    <skipped/>
  </testcase> <!-- test1 -->
  <testcase classname="retryanalyzers.TestClass3" name="test1" time="0.002">
    <skipped/>
  </testcase> <!-- test1 -->
  <testcase classname="retryanalyzers.TestClass3" name="test1" time="0.004">
    <skipped/>
  </testcase> <!-- test1 -->
  <testcase classname="retryanalyzers.TestClass3" name="test1" time="0.002">
    <skipped/>
  </testcase> <!-- test1 -->
  <testcase classname="retryanalyzers.TestClass3" name="test1" time="0.002"/>
  <testcase classname="retryanalyzers.TestClass3" name="test1" time="0.004">
    <skipped/>
  </testcase> <!-- test1 -->
  <testcase classname="retryanalyzers.TestClass3" name="test1" time="0.001">
    <skipped/>
  </testcase> <!-- test1 -->
  <system-out>
    <![CDATA[Failed attempttest2
Failed attempttest2
Failed attempttest2
Failed attempttest2
Failed attempttest2
Failed attempttest2
Failed attempttest2
Failed attempttest2]]>
  </system-out>
</testsuite> <!-- retryanalyzers.TestClass3 -->
