<?xml version="1.0" encoding="UTF-8"?>
<!-- Generated by org.testng.reporters.JUnitReportReporter -->
<testsuite hostname="Aaryan-PC" failures="0" tests="3" name="paralleltest.ParallelExecution" time="48.690" errors="0" timestamp="2023-12-26T21:37:59 IST" skipped="0">
  <testcase classname="paralleltest.ParallelExecution" name="launchapplication2" time="13.136"/>
  <testcase classname="paralleltest.ParallelExecution" name="launchapplication1" time="17.591"/>
  <testcase classname="paralleltest.ParallelExecution" name="launchapplication" time="17.963"/>
</testsuite> <!-- paralleltest.ParallelExecution -->
