<?xml version="1.0" encoding="UTF-8"?>
<!-- Generated by org.testng.reporters.JUnitReportReporter -->
<testsuite hostname="Aaryan-PC" failures="0" tests="2" name="dataproviderpack.DataProviderReturnTypeExample" time="0.014" errors="0" timestamp="2023-12-29T21:09:46 IST" skipped="0">
  <testcase classname="dataproviderpack.DataProviderReturnTypeExample" name="test4" time="0.012"/>
  <testcase classname="dataproviderpack.DataProviderReturnTypeExample" name="test4" time="0.002"/>
</testsuite> <!-- dataproviderpack.DataProviderReturnTypeExample -->
