<?xml version="1.0" encoding="UTF-8"?>
<!-- Generated by org.testng.reporters.JUnitReportReporter -->
<testsuite hostname="Aaryan-PC" failures="0" tests="3" name="takescreens.TestScreenshot" time="43.877" errors="0" timestamp="2024-01-02T21:16:29 IST" skipped="0">
  <testcase classname="takescreens.TestScreenshot" name="loginTestwithData" time="14.575"/>
  <testcase classname="takescreens.TestScreenshot" name="loginTestwithData" time="16.413"/>
  <testcase classname="takescreens.TestScreenshot" name="loginTestwithData" time="12.889"/>
</testsuite> <!-- takescreens.TestScreenshot -->
