<?xml version="1.0" encoding="UTF-8"?>
<!-- Generated by org.testng.reporters.JUnitReportReporter -->
<testsuite hostname="Aaryan-PC" failures="0" tests="1" name="paralleltest.ParallelClass1" time="12.262" errors="0" timestamp="2023-12-26T21:22:33 IST" skipped="0">
  <testcase classname="paralleltest.ParallelClass1" name="launchapplication" time="12.262"/>
</testsuite> <!-- paralleltest.ParallelClass1 -->
