<?xml version="1.0" encoding="UTF-8"?>
<!-- Generated by org.testng.reporters.JUnitReportReporter -->
<testsuite hostname="Aaryan-PC" failures="0" tests="1" name="paralleltest.ParallelExecution3" time="17.855" errors="0" timestamp="2023-12-26T21:50:33 IST" skipped="0">
  <testcase classname="paralleltest.ParallelExecution3" name="launchapplication" time="17.855"/>
</testsuite> <!-- paralleltest.ParallelExecution3 -->
