<?xml version="1.0" encoding="UTF-8"?>
<!-- Generated by org.testng.reporters.JUnitReportReporter -->
<testsuite hostname="Aaryan-PC" failures="0" tests="4" name="testngprgms.GroupingTests" time="14.793" errors="0" timestamp="2023-12-23T22:07:16 IST" skipped="0">
  <testcase classname="testngprgms.GroupingTests" name="launchapplication" time="7.292"/>
  <testcase classname="testngprgms.GroupingTests" name="login" time="0.685"/>
  <testcase classname="testngprgms.GroupingTests" name="closebrowser" time="3.227"/>
  <testcase classname="testngprgms.GroupingTests" name="clickonPIM" time="3.589"/>
</testsuite> <!-- testngprgms.GroupingTests -->
