<?xml version="1.0" encoding="UTF-8"?>
<!-- Generated by org.testng.reporters.JUnitReportReporter -->
<testsuite hostname="Aaryan-PC" failures="0" tests="3" name="paralleltest.ParallelTest" time="27.172" errors="0" timestamp="2023-12-26T20:47:59 IST" skipped="0">
  <testcase classname="paralleltest.ParallelTest" name="launchapplication" time="6.071"/>
  <testcase classname="paralleltest.ParallelTest" name="launchapplication" time="9.839"/>
  <testcase classname="paralleltest.ParallelTest" name="launchapplication" time="11.262"/>
</testsuite> <!-- paralleltest.ParallelTest -->
