<?xml version="1.0" encoding="UTF-8"?>
<!-- Generated by org.testng.reporters.JUnitReportReporter -->
<testsuite hostname="Aaryan-PC" failures="0" tests="1" name="testngprgms.Assertions" time="8.172" errors="0" timestamp="2023-12-19T21:15:43 IST" skipped="0">
  <testcase classname="testngprgms.Assertions" name="test" time="8.172"/>
</testsuite> <!-- testngprgms.Assertions -->
