<?xml version="1.0" encoding="UTF-8"?>
<!-- Generated by org.testng.reporters.JUnitReportReporter -->
<testsuite hostname="Aaryan-PC" failures="0" tests="6" name="testngprgms.EnabledTestNg" time="0.028" errors="0" timestamp="2023-12-23T20:58:52 IST" skipped="0">
  <testcase classname="testngprgms.EnabledTestNg" name="test5" time="0.002"/>
  <testcase classname="testngprgms.EnabledTestNg" name="test3" time="0.003"/>
  <testcase classname="testngprgms.EnabledTestNg" name="test1" time="0.016"/>
  <testcase classname="testngprgms.EnabledTestNg" name="test4" time="0.002"/>
  <testcase classname="testngprgms.EnabledTestNg" name="test6" time="0.001"/>
  <testcase classname="testngprgms.EnabledTestNg" name="test2" time="0.004"/>
</testsuite> <!-- testngprgms.EnabledTestNg -->
