<?xml version="1.0" encoding="UTF-8"?>
<!-- Generated by org.testng.reporters.JUnitReportReporter -->
<testsuite hostname="Aaryan-PC" failures="0" tests="1" name="paralleltest.ParallelExecution2" time="20.421" errors="0" timestamp="2023-12-26T21:50:33 IST" skipped="0">
  <testcase classname="paralleltest.ParallelExecution2" name="launchapplication" time="20.421"/>
</testsuite> <!-- paralleltest.ParallelExecution2 -->
