<?xml version="1.0" encoding="UTF-8"?>
<!-- Generated by org.testng.reporters.JUnitReportReporter -->
<testsuite hostname="Aaryan-PC" failures="0" tests="1" name="selenium_grid.FirefoxGrid" time="20.784" errors="0" timestamp="2024-01-09T21:50:43 IST" skipped="0">
  <testcase classname="selenium_grid.FirefoxGrid" name="getTitle1" time="20.784"/>
</testsuite> <!-- selenium_grid.FirefoxGrid -->
