<?xml version="1.0" encoding="UTF-8"?>
<!-- Generated by org.testng.reporters.JUnitReportReporter -->
<testsuite hostname="Aaryan-PC" failures="0" tests="6" name="paralleltest.ParallelMethods" time="101.954" errors="0" timestamp="2023-12-26T21:17:10 IST" skipped="0">
  <testcase classname="paralleltest.ParallelMethods" name="login1" time="19.128"/>
  <testcase classname="paralleltest.ParallelMethods" name="login12" time="15.619"/>
  <testcase classname="paralleltest.ParallelMethods" name="launchapplication" time="14.686"/>
  <testcase classname="paralleltest.ParallelMethods" name="launchapplication1" time="14.764"/>
  <testcase classname="paralleltest.ParallelMethods" name="login123" time="15.780"/>
  <testcase classname="paralleltest.ParallelMethods" name="login" time="21.977"/>
</testsuite> <!-- paralleltest.ParallelMethods -->
