<?xml version="1.0" encoding="UTF-8"?>
<!-- Generated by org.testng.reporters.JUnitReportReporter -->
<testsuite hostname="Aaryan-PC" failures="0" tests="1" name="paralleltest.ParallelExecution1" time="18.062" errors="0" timestamp="2023-12-26T21:50:33 IST" skipped="0">
  <testcase classname="paralleltest.ParallelExecution1" name="launchapplication" time="18.062"/>
</testsuite> <!-- paralleltest.ParallelExecution1 -->
