<?xml version="1.0" encoding="UTF-8"?>
<!-- Generated by org.testng.reporters.JUnitReportReporter -->
<testsuite hostname="Aaryan-PC" failures="0" tests="6" name="ignoretestclasses.IgnoreTest1" time="0.013" errors="0" timestamp="2023-12-23T21:03:23 IST" skipped="0">
  <testcase classname="ignoretestclasses.IgnoreTest1" name="test2" time="0.004"/>
  <testcase classname="ignoretestclasses.IgnoreTest1" name="test1" time="0.002"/>
  <testcase classname="ignoretestclasses.IgnoreTest1" name="test6" time="0.002"/>
  <testcase classname="ignoretestclasses.IgnoreTest1" name="test3" time="0.002"/>
  <testcase classname="ignoretestclasses.IgnoreTest1" name="test5" time="0.002"/>
  <testcase classname="ignoretestclasses.IgnoreTest1" name="test4" time="0.001"/>
</testsuite> <!-- ignoretestclasses.IgnoreTest1 -->
