<?xml version="1.0" encoding="UTF-8"?>
<!-- Generated by org.testng.reporters.JUnitReportReporter -->
<testsuite hostname="Aaryan-PC" failures="0" tests="6" name="testngprgms.SimpleTestNG" time="0.031" errors="0" timestamp="2023-12-19T21:06:40 IST" skipped="0">
  <testcase classname="testngprgms.SimpleTestNG" name="test1" time="0.005"/>
  <testcase classname="testngprgms.SimpleTestNG" name="test1" time="0.003"/>
  <testcase classname="testngprgms.SimpleTestNG" name="test1" time="0.017"/>
  <testcase classname="testngprgms.SimpleTestNG" name="test2" time="0.002"/>
  <testcase classname="testngprgms.SimpleTestNG" name="test1" time="0.002"/>
  <testcase classname="testngprgms.SimpleTestNG" name="test1" time="0.002"/>
</testsuite> <!-- testngprgms.SimpleTestNG -->
