<?xml version="1.0" encoding="UTF-8"?>
<!-- Generated by org.testng.reporters.JUnitReportReporter -->
<testsuite hostname="Aaryan-PC" failures="0" tests="1" name="selenium_grid.ChromeGrid" time="16.062" errors="0" timestamp="2024-01-09T21:50:43 IST" skipped="0">
  <testcase classname="selenium_grid.ChromeGrid" name="getTitle1" time="16.062"/>
</testsuite> <!-- selenium_grid.ChromeGrid -->
