<?xml version="1.0" encoding="UTF-8"?>
<!-- Generated by org.testng.reporters.JUnitReportReporter -->
<testsuite hostname="Aaryan-PC" failures="0" tests="1" name="paralleltest.ParallelClass2" time="18.631" errors="0" timestamp="2023-12-26T21:22:33 IST" skipped="0">
  <testcase classname="paralleltest.ParallelClass2" name="login" time="18.631"/>
</testsuite> <!-- paralleltest.ParallelClass2 -->
